mode: set
github.com/perspicaciousPanurgic/Farkle/dice.go:10.44,17.22 3 1
github.com/perspicaciousPanurgic/Farkle/dice.go:23.2,23.31 1 1
github.com/perspicaciousPanurgic/Farkle/dice.go:27.2,27.13 1 1
github.com/perspicaciousPanurgic/Farkle/dice.go:17.22,19.3 1 1
github.com/perspicaciousPanurgic/Farkle/dice.go:23.31,25.3 1 1
github.com/perspicaciousPanurgic/Farkle/dice.go:31.36,36.25 2 1
github.com/perspicaciousPanurgic/Farkle/dice.go:46.2,46.14 1 1
github.com/perspicaciousPanurgic/Farkle/dice.go:36.25,38.26 2 1
github.com/perspicaciousPanurgic/Farkle/dice.go:43.3,43.17 1 1
github.com/perspicaciousPanurgic/Farkle/dice.go:38.26,39.26 1 1
github.com/perspicaciousPanurgic/Farkle/dice.go:39.26,41.5 1 1
github.com/perspicaciousPanurgic/Farkle/dice.go:49.35,51.2 1 0
github.com/perspicaciousPanurgic/Farkle/dice.go:53.33,55.2 1 0
github.com/perspicaciousPanurgic/Farkle/farkle.go:9.25,11.2 1 1
github.com/perspicaciousPanurgic/Farkle/farkle.go:13.19,15.16 2 0
github.com/perspicaciousPanurgic/Farkle/farkle.go:19.2,21.18 2 0
github.com/perspicaciousPanurgic/Farkle/farkle.go:15.16,17.3 1 0
github.com/perspicaciousPanurgic/Farkle/farkle.go:24.13,46.34 6 0
github.com/perspicaciousPanurgic/Farkle/farkle.go:57.2,69.25 7 0
github.com/perspicaciousPanurgic/Farkle/farkle.go:46.34,54.3 4 0
github.com/perspicaciousPanurgic/Farkle/game.go:8.62,16.29 3 1
github.com/perspicaciousPanurgic/Farkle/game.go:20.2,20.13 1 1
github.com/perspicaciousPanurgic/Farkle/game.go:16.29,18.3 1 1
github.com/perspicaciousPanurgic/Farkle/game.go:23.34,27.2 2 1
github.com/perspicaciousPanurgic/Farkle/game.go:29.26,37.37 4 0
github.com/perspicaciousPanurgic/Farkle/game.go:42.2,42.19 1 0
github.com/perspicaciousPanurgic/Farkle/game.go:37.37,40.3 2 0
github.com/perspicaciousPanurgic/Farkle/game.go:45.38,48.13 2 1
github.com/perspicaciousPanurgic/Farkle/game.go:52.2,52.13 1 1
github.com/perspicaciousPanurgic/Farkle/game.go:56.2,56.16 1 1
github.com/perspicaciousPanurgic/Farkle/game.go:48.13,50.3 1 1
github.com/perspicaciousPanurgic/Farkle/game.go:52.13,54.3 1 1
github.com/perspicaciousPanurgic/Farkle/game.go:59.62,61.2 1 1
github.com/perspicaciousPanurgic/Farkle/game.go:63.19,65.2 0 0
github.com/perspicaciousPanurgic/Farkle/game.go:67.18,69.2 0 0
github.com/perspicaciousPanurgic/Farkle/player.go:9.42,11.2 1 1
github.com/perspicaciousPanurgic/Farkle/player.go:13.39,15.2 1 1
